0 info it worked if it ends with ok
1 verbose cli [ 'node', '/usr/local/bin/npm', 'install', '--save', 'string' ]
2 info using npm@1.4.28
3 info using node@v0.10.33
4 verbose readDependencies using package.json deps
5 verbose cache add [ 'string', null ]
6 verbose cache add name=undefined spec="string" args=["string",null]
7 verbose parsed url { protocol: null,
7 verbose parsed url   slashes: null,
7 verbose parsed url   auth: null,
7 verbose parsed url   host: null,
7 verbose parsed url   port: null,
7 verbose parsed url   hostname: null,
7 verbose parsed url   hash: null,
7 verbose parsed url   search: null,
7 verbose parsed url   query: null,
7 verbose parsed url   pathname: 'string',
7 verbose parsed url   path: 'string',
7 verbose parsed url   href: 'string' }
8 silly lockFile ecb25204-string string
9 verbose lock string /Users/gzileni/.npm/ecb25204-string.lock
10 silly lockFile ecb25204-string string
11 silly lockFile ecb25204-string string
12 verbose addNamed [ 'string', '' ]
13 verbose addNamed [ null, '*' ]
14 silly lockFile db6cdb3b-string string@
15 verbose lock string@ /Users/gzileni/.npm/db6cdb3b-string.lock
16 silly addNameRange { name: 'string', range: '*', hasData: false }
17 verbose request where is /string
18 verbose request registry https://registry.npmjs.org/
19 verbose request id e33c6abd7a1b50a8
20 verbose url raw /string
21 verbose url resolving [ 'https://registry.npmjs.org/', './string' ]
22 verbose url resolved https://registry.npmjs.org/string
23 verbose request where is https://registry.npmjs.org/string
24 info trying registry request attempt 1 at 00:38:03
25 verbose etag "37K91FEY4YEJIUBTSBM5TVMBM"
26 http GET https://registry.npmjs.org/string
27 http 200 https://registry.npmjs.org/string
28 silly registry.get cb [ 200,
28 silly registry.get   { date: 'Tue, 03 Feb 2015 23:38:03 GMT',
28 silly registry.get     server: 'CouchDB/1.5.0 (Erlang OTP/R16B03)',
28 silly registry.get     etag: '"6KTE4U2EXRU9LJV5OPCT560VY"',
28 silly registry.get     'content-type': 'application/json',
28 silly registry.get     'cache-control': 'max-age=60',
28 silly registry.get     'content-length': '69260',
28 silly registry.get     'accept-ranges': 'bytes',
28 silly registry.get     via: '1.1 varnish',
28 silly registry.get     age: '23',
28 silly registry.get     'x-served-by': 'cache-fra1224-FRA',
28 silly registry.get     'x-cache': 'HIT',
28 silly registry.get     'x-cache-hits': '1',
28 silly registry.get     'x-timer': 'S1423006683.795932,VS0,VE0',
28 silly registry.get     vary: 'Accept',
28 silly registry.get     'keep-alive': 'timeout=10, max=50',
28 silly registry.get     connection: 'Keep-Alive' } ]
29 silly addNameRange number 2 { name: 'string', range: '*', hasData: true }
30 silly addNameRange versions [ 'string',
30 silly addNameRange   [ '0.0.1',
30 silly addNameRange     '0.0.2',
30 silly addNameRange     '0.0.3',
30 silly addNameRange     '0.0.4',
30 silly addNameRange     '0.1.1',
30 silly addNameRange     '0.1.2',
30 silly addNameRange     '0.2.0',
30 silly addNameRange     '0.2.1',
30 silly addNameRange     '0.2.1-1',
30 silly addNameRange     '0.2.1-2',
30 silly addNameRange     '0.2.2',
30 silly addNameRange     '1.0.0',
30 silly addNameRange     '1.1.0',
30 silly addNameRange     '1.2.0',
30 silly addNameRange     '1.2.1',
30 silly addNameRange     '1.3.0',
30 silly addNameRange     '1.3.1',
30 silly addNameRange     '1.4.0',
30 silly addNameRange     '1.5.0',
30 silly addNameRange     '1.5.1',
30 silly addNameRange     '1.6.0',
30 silly addNameRange     '1.6.1',
30 silly addNameRange     '1.7.0',
30 silly addNameRange     '1.8.0',
30 silly addNameRange     '1.8.1',
30 silly addNameRange     '1.9.0',
30 silly addNameRange     '1.9.1',
30 silly addNameRange     '2.0.0',
30 silly addNameRange     '2.0.1',
30 silly addNameRange     '2.1.0',
30 silly addNameRange     '2.2.0',
30 silly addNameRange     '3.0.0' ] ]
31 verbose addNamed [ 'string', '3.0.0' ]
32 verbose addNamed [ '3.0.0', '3.0.0' ]
33 silly lockFile aeedf557-string-3-0-0 string@3.0.0
34 verbose lock string@3.0.0 /Users/gzileni/.npm/aeedf557-string-3-0-0.lock
35 silly lockFile 84cfba9d-pmjs-org-string-string-3-0-0-tgz https://registry.npmjs.org/string/-/string-3.0.0.tgz
36 verbose lock https://registry.npmjs.org/string/-/string-3.0.0.tgz /Users/gzileni/.npm/84cfba9d-pmjs-org-string-string-3-0-0-tgz.lock
37 verbose addRemoteTarball [ 'https://registry.npmjs.org/string/-/string-3.0.0.tgz',
37 verbose addRemoteTarball   'e8e98b30810315038406478a0f117eb5563a62ce' ]
38 info retry fetch attempt 1 at 00:38:04
39 verbose fetch to= /var/folders/dm/ktq0d39j405_gn_g13rygk380000gq/T/npm-2124-Q1R3wn2l/registry.npmjs.org/string/-/string-3.0.0.tgz
40 http GET https://registry.npmjs.org/string/-/string-3.0.0.tgz
41 http 200 https://registry.npmjs.org/string/-/string-3.0.0.tgz
42 silly lockFile 84cfba9d-pmjs-org-string-string-3-0-0-tgz https://registry.npmjs.org/string/-/string-3.0.0.tgz
43 silly lockFile 84cfba9d-pmjs-org-string-string-3-0-0-tgz https://registry.npmjs.org/string/-/string-3.0.0.tgz
44 silly lockFile aeedf557-string-3-0-0 string@3.0.0
45 silly lockFile aeedf557-string-3-0-0 string@3.0.0
46 silly lockFile db6cdb3b-string string@
47 silly lockFile db6cdb3b-string string@
48 error Error: EACCES, mkdir '/Users/gzileni/.npm/string/3.0.0'
48 error  { [Error: EACCES, mkdir '/Users/gzileni/.npm/string/3.0.0']
48 error   errno: 3,
48 error   code: 'EACCES',
48 error   path: '/Users/gzileni/.npm/string/3.0.0',
48 error   parent: 'openarpa-scrape' }
49 error Please try running this command again as root/Administrator.
50 error System Darwin 14.1.0
51 error command "node" "/usr/local/bin/npm" "install" "--save" "string"
52 error cwd /Users/gzileni/GitHub/openARPA/resources/node/node_modules/openarpa-scrape
53 error node -v v0.10.33
54 error npm -v 1.4.28
55 error path /Users/gzileni/.npm/string/3.0.0
56 error code EACCES
57 error errno 3
58 error stack Error: EACCES, mkdir '/Users/gzileni/.npm/string/3.0.0'
59 verbose exit [ 3, true ]
